<?xml version="1.0" encoding="UTF-8"?>
<!-- Generated by org.testng.reporters.JUnitXMLReporter -->
<testsuite ignored="2" hostname="DESKTOP-G381AI6" failures="0" tests="2" name="grouptest" time="0.111" errors="0" timestamp="2024-10-10T20:46:12 IST">
  <testcase classname="Package123.groupByMethods" name="test2" time="0.013"/>
  <testcase classname="Package123.groupByMethods" name="test3" time="0.004"/>
  <testcase classname="Package123.groupByMethods" name="test1" time="0.0">
    <ignored/>
  </testcase> <!-- test1 -->
  <testcase classname="Package123.groupByMethods" name="test4" time="0.0">
    <ignored/>
  </testcase> <!-- test4 -->
</testsuite> <!-- grouptest -->
