<?xml version="1.0" encoding="UTF-8"?>
<!-- Generated by org.testng.reporters.JUnitXMLReporter -->
<testsuite ignored="0" hostname="DESKTOP-G381AI6" failures="1" tests="4" name="Test" time="0.122" errors="0" timestamp="2024-10-09T21:17:11 IST">
  <testcase classname="Package123.priorityOgTestNG" name="d" time="0.013"/>
  <testcase classname="Package123.priorityOgTestNG" name="launch" time="0.006"/>
  <testcase classname="Package123.priorityOgTestNG" name="login" time="0.01">
    <failure type="java.lang.AssertionError" message="null">
      <![CDATA[java.lang.AssertionError: null
at Package123.priorityOgTestNG.login(priorityOgTestNG.java:19)
at java.base/java.util.ArrayList.forEach(ArrayList.java:1511)
... Removed 29 stack frames]]>
    </failure>
  </testcase> <!-- login -->
  <testcase classname="Package123.priorityOgTestNG" name="homepageverification" time="0.0">
    <skipped/>
  </testcase> <!-- homepageverification -->
</testsuite> <!-- Test -->
